The system is: Linux - 3.10.0-1160.71.1.el7.x86_64 - x86_64
Compiling the CXX compiler identification source file "CMakeCXXCompilerId.cpp" succeeded.
Compiler: /data/users/frwd/installs/gcc/9.2.0/v1/bin/g++ 
Build flags: 
Id flags:  

The output was:
0


Compilation of the CXX compiler identification source "CMakeCXXCompilerId.cpp" produced "a.out"

The CXX compiler identification is GNU, found in "/data/users/jcolclou/cpp_projects/mandelbrot/build/CMakeFiles/3.20.6/CompilerIdCXX/a.out"

Detecting CXX compiler ABI info compiled with the following output:
Change Dir: /data/users/jcolclou/cpp_projects/mandelbrot/build/CMakeFiles/CMakeTmp

Run Build Command(s):/usr/bin/gmake -f Makefile cmTC_cc22c/fast && /usr/bin/gmake  -f CMakeFiles/cmTC_cc22c.dir/build.make CMakeFiles/cmTC_cc22c.dir/build
gmake[1]: Entering directory `/net/data/users/jcolclou/cpp_projects/mandelbrot/build/CMakeFiles/CMakeTmp'
Building CXX object CMakeFiles/cmTC_cc22c.dir/CMakeCXXCompilerABI.cpp.o
/data/users/frwd/installs/gcc/9.2.0/v1/bin/g++   -v -o CMakeFiles/cmTC_cc22c.dir/CMakeCXXCompilerABI.cpp.o -c /net/home/h03/jopa/opt/cmake/3.20.6/gnu-9.2.0/v1/share/cmake-3.20/Modules/CMakeCXXCompilerABI.cpp
Using built-in specs.
COLLECT_GCC=/data/users/frwd/installs/gcc/9.2.0/v1/bin/g++
Target: x86_64-pc-linux-gnu
Configured with: /home/h01/frwd/cylc-run/LfricBundle237/work/1/build_gcc__lfric_gnu_rhel7/gcc/configure --prefix=/data/users/frwd/installs/gcc/9.2.0/v1 --disable-multilib
Thread model: posix
gcc version 9.2.0 (GCC) 
COLLECT_GCC_OPTIONS='-v' '-o' 'CMakeFiles/cmTC_cc22c.dir/CMakeCXXCompilerABI.cpp.o' '-c' '-shared-libgcc' '-mtune=generic' '-march=x86-64'
 /net/data/users/frwd/installs/gcc/9.2.0/v1/bin/../libexec/gcc/x86_64-pc-linux-gnu/9.2.0/cc1plus -quiet -v -iprefix /net/data/users/frwd/installs/gcc/9.2.0/v1/bin/../lib/gcc/x86_64-pc-linux-gnu/9.2.0/ -D_GNU_SOURCE /net/home/h03/jopa/opt/cmake/3.20.6/gnu-9.2.0/v1/share/cmake-3.20/Modules/CMakeCXXCompilerABI.cpp -quiet -dumpbase CMakeCXXCompilerABI.cpp -mtune=generic -march=x86-64 -auxbase-strip CMakeFiles/cmTC_cc22c.dir/CMakeCXXCompilerABI.cpp.o -version -o /var/tmp/ccEVUDED.s
GNU C++14 (GCC) version 9.2.0 (x86_64-pc-linux-gnu)
	compiled by GNU C version 9.2.0, GMP version 6.1.0, MPFR version 3.1.4, MPC version 1.0.3, isl version isl-0.18-GMP

GGC heuristics: --param ggc-min-expand=100 --param ggc-min-heapsize=131072
ignoring nonexistent directory "/net/data/users/frwd/installs/gcc/9.2.0/v1/bin/../lib/gcc/x86_64-pc-linux-gnu/9.2.0/../../../../x86_64-pc-linux-gnu/include"
ignoring duplicate directory "/net/data/users/frwd/installs/gcc/9.2.0/v1/bin/../lib/gcc/../../lib/gcc/x86_64-pc-linux-gnu/9.2.0/../../../../include/c++/9.2.0"
ignoring duplicate directory "/net/data/users/frwd/installs/gcc/9.2.0/v1/bin/../lib/gcc/../../lib/gcc/x86_64-pc-linux-gnu/9.2.0/../../../../include/c++/9.2.0/x86_64-pc-linux-gnu"
ignoring duplicate directory "/net/data/users/frwd/installs/gcc/9.2.0/v1/bin/../lib/gcc/../../lib/gcc/x86_64-pc-linux-gnu/9.2.0/../../../../include/c++/9.2.0/backward"
ignoring duplicate directory "/net/data/users/frwd/installs/gcc/9.2.0/v1/bin/../lib/gcc/../../lib/gcc/x86_64-pc-linux-gnu/9.2.0/include"
ignoring duplicate directory "/net/data/users/frwd/installs/gcc/9.2.0/v1/bin/../lib/gcc/../../lib/gcc/x86_64-pc-linux-gnu/9.2.0/include-fixed"
ignoring nonexistent directory "/net/data/users/frwd/installs/gcc/9.2.0/v1/bin/../lib/gcc/../../lib/gcc/x86_64-pc-linux-gnu/9.2.0/../../../../x86_64-pc-linux-gnu/include"
#include "..." search starts here:
#include <...> search starts here:
 /data/users/jopa/optbuild/udunits/2.2.28/gnu-9.2.0/include
 /project/ukmo/rhel7/fortran/opt/intel/composer_xe_2017.7.259/compilers_and_libraries_2017.7.259/linux/mkl/include
 /net/data/users/frwd/installs/gcc/9.2.0/v1/bin/../lib/gcc/x86_64-pc-linux-gnu/9.2.0/../../../../include/c++/9.2.0
 /net/data/users/frwd/installs/gcc/9.2.0/v1/bin/../lib/gcc/x86_64-pc-linux-gnu/9.2.0/../../../../include/c++/9.2.0/x86_64-pc-linux-gnu
 /net/data/users/frwd/installs/gcc/9.2.0/v1/bin/../lib/gcc/x86_64-pc-linux-gnu/9.2.0/../../../../include/c++/9.2.0/backward
 /net/data/users/frwd/installs/gcc/9.2.0/v1/bin/../lib/gcc/x86_64-pc-linux-gnu/9.2.0/include
 /net/data/users/frwd/installs/gcc/9.2.0/v1/bin/../lib/gcc/x86_64-pc-linux-gnu/9.2.0/include-fixed
 /usr/local/include
 /net/data/users/frwd/installs/gcc/9.2.0/v1/bin/../lib/gcc/../../include
 /usr/include
End of search list.
GNU C++14 (GCC) version 9.2.0 (x86_64-pc-linux-gnu)
	compiled by GNU C version 9.2.0, GMP version 6.1.0, MPFR version 3.1.4, MPC version 1.0.3, isl version isl-0.18-GMP

GGC heuristics: --param ggc-min-expand=100 --param ggc-min-heapsize=131072
Compiler executable checksum: 62245b991d2c460dfac169cf9d3f8f56
COLLECT_GCC_OPTIONS='-v' '-o' 'CMakeFiles/cmTC_cc22c.dir/CMakeCXXCompilerABI.cpp.o' '-c' '-shared-libgcc' '-mtune=generic' '-march=x86-64'
 as -v --64 -o CMakeFiles/cmTC_cc22c.dir/CMakeCXXCompilerABI.cpp.o /var/tmp/ccEVUDED.s
GNU assembler version 2.27 (x86_64-redhat-linux) using BFD version version 2.27-44.base.el7_9.1
COMPILER_PATH=/net/data/users/frwd/installs/gcc/9.2.0/v1/bin/../libexec/gcc/x86_64-pc-linux-gnu/9.2.0/:/net/data/users/frwd/installs/gcc/9.2.0/v1/bin/../libexec/gcc/
LIBRARY_PATH=/net/data/users/frwd/installs/gcc/9.2.0/v1/bin/../lib/gcc/x86_64-pc-linux-gnu/9.2.0/:/net/data/users/frwd/installs/gcc/9.2.0/v1/bin/../lib/gcc/:/net/data/users/frwd/installs/gcc/9.2.0/v1/bin/../lib/gcc/x86_64-pc-linux-gnu/9.2.0/../../../../lib64/:/lib/../lib64/:/usr/lib/../lib64/:/project/ukmo/rhel7/fortran/opt/intel/composer_xe_2017.7.259/compilers_and_libraries_2017.7.259/linux/mkl/lib/intel64/:/net/data/users/frwd/installs/gcc/9.2.0/v1/bin/../lib/gcc/x86_64-pc-linux-gnu/9.2.0/../../../:/lib/:/usr/lib/
COLLECT_GCC_OPTIONS='-v' '-o' 'CMakeFiles/cmTC_cc22c.dir/CMakeCXXCompilerABI.cpp.o' '-c' '-shared-libgcc' '-mtune=generic' '-march=x86-64'
Linking CXX executable cmTC_cc22c
/net/home/h03/jopa/opt/cmake/3.20.6/gnu-9.2.0/v1/bin/cmake -E cmake_link_script CMakeFiles/cmTC_cc22c.dir/link.txt --verbose=1
/data/users/frwd/installs/gcc/9.2.0/v1/bin/g++ -L/project/ukmo/rhel7/LaTeX/packages/poppler/0.61.1/lib64 -L/project/ukmo/rhel7/LaTeX/packages/tiff/4.0.9/lib64 -L/project/ukmo/rhel7/LaTeX/packages/pixman/0.34.0/lib -L/project/ukmo/rhel7/LaTeX/packages/openjpeg/2.3.0/lib -L/project/ukmo/rhel7/LaTeX/packages/lcms/2.9/lib -v CMakeFiles/cmTC_cc22c.dir/CMakeCXXCompilerABI.cpp.o -o cmTC_cc22c 
Using built-in specs.
COLLECT_GCC=/data/users/frwd/installs/gcc/9.2.0/v1/bin/g++
COLLECT_LTO_WRAPPER=/net/data/users/frwd/installs/gcc/9.2.0/v1/bin/../libexec/gcc/x86_64-pc-linux-gnu/9.2.0/lto-wrapper
Target: x86_64-pc-linux-gnu
Configured with: /home/h01/frwd/cylc-run/LfricBundle237/work/1/build_gcc__lfric_gnu_rhel7/gcc/configure --prefix=/data/users/frwd/installs/gcc/9.2.0/v1 --disable-multilib
Thread model: posix
gcc version 9.2.0 (GCC) 
COMPILER_PATH=/net/data/users/frwd/installs/gcc/9.2.0/v1/bin/../libexec/gcc/x86_64-pc-linux-gnu/9.2.0/:/net/data/users/frwd/installs/gcc/9.2.0/v1/bin/../libexec/gcc/
LIBRARY_PATH=/net/data/users/frwd/installs/gcc/9.2.0/v1/bin/../lib/gcc/x86_64-pc-linux-gnu/9.2.0/:/net/data/users/frwd/installs/gcc/9.2.0/v1/bin/../lib/gcc/:/net/data/users/frwd/installs/gcc/9.2.0/v1/bin/../lib/gcc/x86_64-pc-linux-gnu/9.2.0/../../../../lib64/:/lib/../lib64/:/usr/lib/../lib64/:/project/ukmo/rhel7/fortran/opt/intel/composer_xe_2017.7.259/compilers_and_libraries_2017.7.259/linux/mkl/lib/intel64/:/net/data/users/frwd/installs/gcc/9.2.0/v1/bin/../lib/gcc/x86_64-pc-linux-gnu/9.2.0/../../../:/lib/:/usr/lib/
COLLECT_GCC_OPTIONS='-L/project/ukmo/rhel7/LaTeX/packages/poppler/0.61.1/lib64' '-L/project/ukmo/rhel7/LaTeX/packages/tiff/4.0.9/lib64' '-L/project/ukmo/rhel7/LaTeX/packages/pixman/0.34.0/lib' '-L/project/ukmo/rhel7/LaTeX/packages/openjpeg/2.3.0/lib' '-L/project/ukmo/rhel7/LaTeX/packages/lcms/2.9/lib' '-v' '-o' 'cmTC_cc22c' '-shared-libgcc' '-mtune=generic' '-march=x86-64'
 /net/data/users/frwd/installs/gcc/9.2.0/v1/bin/../libexec/gcc/x86_64-pc-linux-gnu/9.2.0/collect2 -plugin /net/data/users/frwd/installs/gcc/9.2.0/v1/bin/../libexec/gcc/x86_64-pc-linux-gnu/9.2.0/liblto_plugin.so -plugin-opt=/net/data/users/frwd/installs/gcc/9.2.0/v1/bin/../libexec/gcc/x86_64-pc-linux-gnu/9.2.0/lto-wrapper -plugin-opt=-fresolution=/var/tmp/ccfc42XH.res -plugin-opt=-pass-through=-lgcc_s -plugin-opt=-pass-through=-lgcc -plugin-opt=-pass-through=-lc -plugin-opt=-pass-through=-lgcc_s -plugin-opt=-pass-through=-lgcc --eh-frame-hdr -m elf_x86_64 -dynamic-linker /lib64/ld-linux-x86-64.so.2 -o cmTC_cc22c /lib/../lib64/crt1.o /lib/../lib64/crti.o /net/data/users/frwd/installs/gcc/9.2.0/v1/bin/../lib/gcc/x86_64-pc-linux-gnu/9.2.0/crtbegin.o -L/project/ukmo/rhel7/LaTeX/packages/poppler/0.61.1/lib64 -L/project/ukmo/rhel7/LaTeX/packages/tiff/4.0.9/lib64 -L/project/ukmo/rhel7/LaTeX/packages/pixman/0.34.0/lib -L/project/ukmo/rhel7/LaTeX/packages/openjpeg/2.3.0/lib -L/project/ukmo/rhel7/LaTeX/packages/lcms/2.9/lib -L/net/data/users/frwd/installs/gcc/9.2.0/v1/bin/../lib/gcc/x86_64-pc-linux-gnu/9.2.0 -L/net/data/users/frwd/installs/gcc/9.2.0/v1/bin/../lib/gcc -L/net/data/users/frwd/installs/gcc/9.2.0/v1/bin/../lib/gcc/x86_64-pc-linux-gnu/9.2.0/../../../../lib64 -L/lib/../lib64 -L/usr/lib/../lib64 -L/project/ukmo/rhel7/fortran/opt/intel/composer_xe_2017.7.259/compilers_and_libraries_2017.7.259/linux/mkl/lib/intel64 -L/net/data/users/frwd/installs/gcc/9.2.0/v1/bin/../lib/gcc/x86_64-pc-linux-gnu/9.2.0/../../.. CMakeFiles/cmTC_cc22c.dir/CMakeCXXCompilerABI.cpp.o -lstdc++ -lm -lgcc_s -lgcc -lc -lgcc_s -lgcc /net/data/users/frwd/installs/gcc/9.2.0/v1/bin/../lib/gcc/x86_64-pc-linux-gnu/9.2.0/crtend.o /lib/../lib64/crtn.o
COLLECT_GCC_OPTIONS='-L/project/ukmo/rhel7/LaTeX/packages/poppler/0.61.1/lib64' '-L/project/ukmo/rhel7/LaTeX/packages/tiff/4.0.9/lib64' '-L/project/ukmo/rhel7/LaTeX/packages/pixman/0.34.0/lib' '-L/project/ukmo/rhel7/LaTeX/packages/openjpeg/2.3.0/lib' '-L/project/ukmo/rhel7/LaTeX/packages/lcms/2.9/lib' '-v' '-o' 'cmTC_cc22c' '-shared-libgcc' '-mtune=generic' '-march=x86-64'
gmake[1]: Leaving directory `/net/data/users/jcolclou/cpp_projects/mandelbrot/build/CMakeFiles/CMakeTmp'



Parsed CXX implicit include dir info from above output: rv=done
  found start of include info
  found start of implicit include info
    add: [/data/users/jopa/optbuild/udunits/2.2.28/gnu-9.2.0/include]
    add: [/project/ukmo/rhel7/fortran/opt/intel/composer_xe_2017.7.259/compilers_and_libraries_2017.7.259/linux/mkl/include]
    add: [/net/data/users/frwd/installs/gcc/9.2.0/v1/bin/../lib/gcc/x86_64-pc-linux-gnu/9.2.0/../../../../include/c++/9.2.0]
    add: [/net/data/users/frwd/installs/gcc/9.2.0/v1/bin/../lib/gcc/x86_64-pc-linux-gnu/9.2.0/../../../../include/c++/9.2.0/x86_64-pc-linux-gnu]
    add: [/net/data/users/frwd/installs/gcc/9.2.0/v1/bin/../lib/gcc/x86_64-pc-linux-gnu/9.2.0/../../../../include/c++/9.2.0/backward]
    add: [/net/data/users/frwd/installs/gcc/9.2.0/v1/bin/../lib/gcc/x86_64-pc-linux-gnu/9.2.0/include]
    add: [/net/data/users/frwd/installs/gcc/9.2.0/v1/bin/../lib/gcc/x86_64-pc-linux-gnu/9.2.0/include-fixed]
    add: [/usr/local/include]
    add: [/net/data/users/frwd/installs/gcc/9.2.0/v1/bin/../lib/gcc/../../include]
    add: [/usr/include]
  end of search list found
  collapse include dir [/data/users/jopa/optbuild/udunits/2.2.28/gnu-9.2.0/include] ==> [/data/users/jopa/optbuild/udunits/2.2.28/gnu-9.2.0/include]
  collapse include dir [/project/ukmo/rhel7/fortran/opt/intel/composer_xe_2017.7.259/compilers_and_libraries_2017.7.259/linux/mkl/include] ==> [/project/ukmo/rhel7/fortran/opt/intel/composer_xe_2017.7.259/compilers_and_libraries_2017.7.259/linux/mkl/include]
  collapse include dir [/net/data/users/frwd/installs/gcc/9.2.0/v1/bin/../lib/gcc/x86_64-pc-linux-gnu/9.2.0/../../../../include/c++/9.2.0] ==> [/data/users/frwd/installs/gcc/9.2.0/v1/include/c++/9.2.0]
  collapse include dir [/net/data/users/frwd/installs/gcc/9.2.0/v1/bin/../lib/gcc/x86_64-pc-linux-gnu/9.2.0/../../../../include/c++/9.2.0/x86_64-pc-linux-gnu] ==> [/data/users/frwd/installs/gcc/9.2.0/v1/include/c++/9.2.0/x86_64-pc-linux-gnu]
  collapse include dir [/net/data/users/frwd/installs/gcc/9.2.0/v1/bin/../lib/gcc/x86_64-pc-linux-gnu/9.2.0/../../../../include/c++/9.2.0/backward] ==> [/data/users/frwd/installs/gcc/9.2.0/v1/include/c++/9.2.0/backward]
  collapse include dir [/net/data/users/frwd/installs/gcc/9.2.0/v1/bin/../lib/gcc/x86_64-pc-linux-gnu/9.2.0/include] ==> [/data/users/frwd/installs/gcc/9.2.0/v1/lib/gcc/x86_64-pc-linux-gnu/9.2.0/include]
  collapse include dir [/net/data/users/frwd/installs/gcc/9.2.0/v1/bin/../lib/gcc/x86_64-pc-linux-gnu/9.2.0/include-fixed] ==> [/data/users/frwd/installs/gcc/9.2.0/v1/lib/gcc/x86_64-pc-linux-gnu/9.2.0/include-fixed]
  collapse include dir [/usr/local/include] ==> [/usr/local/include]
  collapse include dir [/net/data/users/frwd/installs/gcc/9.2.0/v1/bin/../lib/gcc/../../include] ==> [/data/users/frwd/installs/gcc/9.2.0/v1/include]
  collapse include dir [/usr/include] ==> [/usr/include]
  implicit include dirs: [/data/users/jopa/optbuild/udunits/2.2.28/gnu-9.2.0/include;/project/ukmo/rhel7/fortran/opt/intel/composer_xe_2017.7.259/compilers_and_libraries_2017.7.259/linux/mkl/include;/data/users/frwd/installs/gcc/9.2.0/v1/include/c++/9.2.0;/data/users/frwd/installs/gcc/9.2.0/v1/include/c++/9.2.0/x86_64-pc-linux-gnu;/data/users/frwd/installs/gcc/9.2.0/v1/include/c++/9.2.0/backward;/data/users/frwd/installs/gcc/9.2.0/v1/lib/gcc/x86_64-pc-linux-gnu/9.2.0/include;/data/users/frwd/installs/gcc/9.2.0/v1/lib/gcc/x86_64-pc-linux-gnu/9.2.0/include-fixed;/usr/local/include;/data/users/frwd/installs/gcc/9.2.0/v1/include;/usr/include]


Parsed CXX implicit link information from above output:
  link line regex: [^( *|.*[/\])(ld|CMAKE_LINK_STARTFILE-NOTFOUND|([^/\]+-)?ld|collect2)[^/\]*( |$)]
  ignore line: [Change Dir: /data/users/jcolclou/cpp_projects/mandelbrot/build/CMakeFiles/CMakeTmp]
  ignore line: []
  ignore line: [Run Build Command(s):/usr/bin/gmake -f Makefile cmTC_cc22c/fast && /usr/bin/gmake  -f CMakeFiles/cmTC_cc22c.dir/build.make CMakeFiles/cmTC_cc22c.dir/build]
  ignore line: [gmake[1]: Entering directory `/net/data/users/jcolclou/cpp_projects/mandelbrot/build/CMakeFiles/CMakeTmp']
  ignore line: [Building CXX object CMakeFiles/cmTC_cc22c.dir/CMakeCXXCompilerABI.cpp.o]
  ignore line: [/data/users/frwd/installs/gcc/9.2.0/v1/bin/g++   -v -o CMakeFiles/cmTC_cc22c.dir/CMakeCXXCompilerABI.cpp.o -c /net/home/h03/jopa/opt/cmake/3.20.6/gnu-9.2.0/v1/share/cmake-3.20/Modules/CMakeCXXCompilerABI.cpp]
  ignore line: [Using built-in specs.]
  ignore line: [COLLECT_GCC=/data/users/frwd/installs/gcc/9.2.0/v1/bin/g++]
  ignore line: [Target: x86_64-pc-linux-gnu]
  ignore line: [Configured with: /home/h01/frwd/cylc-run/LfricBundle237/work/1/build_gcc__lfric_gnu_rhel7/gcc/configure --prefix=/data/users/frwd/installs/gcc/9.2.0/v1 --disable-multilib]
  ignore line: [Thread model: posix]
  ignore line: [gcc version 9.2.0 (GCC) ]
  ignore line: [COLLECT_GCC_OPTIONS='-v' '-o' 'CMakeFiles/cmTC_cc22c.dir/CMakeCXXCompilerABI.cpp.o' '-c' '-shared-libgcc' '-mtune=generic' '-march=x86-64']
  ignore line: [ /net/data/users/frwd/installs/gcc/9.2.0/v1/bin/../libexec/gcc/x86_64-pc-linux-gnu/9.2.0/cc1plus -quiet -v -iprefix /net/data/users/frwd/installs/gcc/9.2.0/v1/bin/../lib/gcc/x86_64-pc-linux-gnu/9.2.0/ -D_GNU_SOURCE /net/home/h03/jopa/opt/cmake/3.20.6/gnu-9.2.0/v1/share/cmake-3.20/Modules/CMakeCXXCompilerABI.cpp -quiet -dumpbase CMakeCXXCompilerABI.cpp -mtune=generic -march=x86-64 -auxbase-strip CMakeFiles/cmTC_cc22c.dir/CMakeCXXCompilerABI.cpp.o -version -o /var/tmp/ccEVUDED.s]
  ignore line: [GNU C++14 (GCC) version 9.2.0 (x86_64-pc-linux-gnu)]
  ignore line: [	compiled by GNU C version 9.2.0  GMP version 6.1.0  MPFR version 3.1.4  MPC version 1.0.3  isl version isl-0.18-GMP]
  ignore line: []
  ignore line: [GGC heuristics: --param ggc-min-expand=100 --param ggc-min-heapsize=131072]
  ignore line: [ignoring nonexistent directory "/net/data/users/frwd/installs/gcc/9.2.0/v1/bin/../lib/gcc/x86_64-pc-linux-gnu/9.2.0/../../../../x86_64-pc-linux-gnu/include"]
  ignore line: [ignoring duplicate directory "/net/data/users/frwd/installs/gcc/9.2.0/v1/bin/../lib/gcc/../../lib/gcc/x86_64-pc-linux-gnu/9.2.0/../../../../include/c++/9.2.0"]
  ignore line: [ignoring duplicate directory "/net/data/users/frwd/installs/gcc/9.2.0/v1/bin/../lib/gcc/../../lib/gcc/x86_64-pc-linux-gnu/9.2.0/../../../../include/c++/9.2.0/x86_64-pc-linux-gnu"]
  ignore line: [ignoring duplicate directory "/net/data/users/frwd/installs/gcc/9.2.0/v1/bin/../lib/gcc/../../lib/gcc/x86_64-pc-linux-gnu/9.2.0/../../../../include/c++/9.2.0/backward"]
  ignore line: [ignoring duplicate directory "/net/data/users/frwd/installs/gcc/9.2.0/v1/bin/../lib/gcc/../../lib/gcc/x86_64-pc-linux-gnu/9.2.0/include"]
  ignore line: [ignoring duplicate directory "/net/data/users/frwd/installs/gcc/9.2.0/v1/bin/../lib/gcc/../../lib/gcc/x86_64-pc-linux-gnu/9.2.0/include-fixed"]
  ignore line: [ignoring nonexistent directory "/net/data/users/frwd/installs/gcc/9.2.0/v1/bin/../lib/gcc/../../lib/gcc/x86_64-pc-linux-gnu/9.2.0/../../../../x86_64-pc-linux-gnu/include"]
  ignore line: [#include "..." search starts here:]
  ignore line: [#include <...> search starts here:]
  ignore line: [ /data/users/jopa/optbuild/udunits/2.2.28/gnu-9.2.0/include]
  ignore line: [ /project/ukmo/rhel7/fortran/opt/intel/composer_xe_2017.7.259/compilers_and_libraries_2017.7.259/linux/mkl/include]
  ignore line: [ /net/data/users/frwd/installs/gcc/9.2.0/v1/bin/../lib/gcc/x86_64-pc-linux-gnu/9.2.0/../../../../include/c++/9.2.0]
  ignore line: [ /net/data/users/frwd/installs/gcc/9.2.0/v1/bin/../lib/gcc/x86_64-pc-linux-gnu/9.2.0/../../../../include/c++/9.2.0/x86_64-pc-linux-gnu]
  ignore line: [ /net/data/users/frwd/installs/gcc/9.2.0/v1/bin/../lib/gcc/x86_64-pc-linux-gnu/9.2.0/../../../../include/c++/9.2.0/backward]
  ignore line: [ /net/data/users/frwd/installs/gcc/9.2.0/v1/bin/../lib/gcc/x86_64-pc-linux-gnu/9.2.0/include]
  ignore line: [ /net/data/users/frwd/installs/gcc/9.2.0/v1/bin/../lib/gcc/x86_64-pc-linux-gnu/9.2.0/include-fixed]
  ignore line: [ /usr/local/include]
  ignore line: [ /net/data/users/frwd/installs/gcc/9.2.0/v1/bin/../lib/gcc/../../include]
  ignore line: [ /usr/include]
  ignore line: [End of search list.]
  ignore line: [GNU C++14 (GCC) version 9.2.0 (x86_64-pc-linux-gnu)]
  ignore line: [	compiled by GNU C version 9.2.0  GMP version 6.1.0  MPFR version 3.1.4  MPC version 1.0.3  isl version isl-0.18-GMP]
  ignore line: []
  ignore line: [GGC heuristics: --param ggc-min-expand=100 --param ggc-min-heapsize=131072]
  ignore line: [Compiler executable checksum: 62245b991d2c460dfac169cf9d3f8f56]
  ignore line: [COLLECT_GCC_OPTIONS='-v' '-o' 'CMakeFiles/cmTC_cc22c.dir/CMakeCXXCompilerABI.cpp.o' '-c' '-shared-libgcc' '-mtune=generic' '-march=x86-64']
  ignore line: [ as -v --64 -o CMakeFiles/cmTC_cc22c.dir/CMakeCXXCompilerABI.cpp.o /var/tmp/ccEVUDED.s]
  ignore line: [GNU assembler version 2.27 (x86_64-redhat-linux) using BFD version version 2.27-44.base.el7_9.1]
  ignore line: [COMPILER_PATH=/net/data/users/frwd/installs/gcc/9.2.0/v1/bin/../libexec/gcc/x86_64-pc-linux-gnu/9.2.0/:/net/data/users/frwd/installs/gcc/9.2.0/v1/bin/../libexec/gcc/]
  ignore line: [LIBRARY_PATH=/net/data/users/frwd/installs/gcc/9.2.0/v1/bin/../lib/gcc/x86_64-pc-linux-gnu/9.2.0/:/net/data/users/frwd/installs/gcc/9.2.0/v1/bin/../lib/gcc/:/net/data/users/frwd/installs/gcc/9.2.0/v1/bin/../lib/gcc/x86_64-pc-linux-gnu/9.2.0/../../../../lib64/:/lib/../lib64/:/usr/lib/../lib64/:/project/ukmo/rhel7/fortran/opt/intel/composer_xe_2017.7.259/compilers_and_libraries_2017.7.259/linux/mkl/lib/intel64/:/net/data/users/frwd/installs/gcc/9.2.0/v1/bin/../lib/gcc/x86_64-pc-linux-gnu/9.2.0/../../../:/lib/:/usr/lib/]
  ignore line: [COLLECT_GCC_OPTIONS='-v' '-o' 'CMakeFiles/cmTC_cc22c.dir/CMakeCXXCompilerABI.cpp.o' '-c' '-shared-libgcc' '-mtune=generic' '-march=x86-64']
  ignore line: [Linking CXX executable cmTC_cc22c]
  ignore line: [/net/home/h03/jopa/opt/cmake/3.20.6/gnu-9.2.0/v1/bin/cmake -E cmake_link_script CMakeFiles/cmTC_cc22c.dir/link.txt --verbose=1]
  ignore line: [/data/users/frwd/installs/gcc/9.2.0/v1/bin/g++ -L/project/ukmo/rhel7/LaTeX/packages/poppler/0.61.1/lib64 -L/project/ukmo/rhel7/LaTeX/packages/tiff/4.0.9/lib64 -L/project/ukmo/rhel7/LaTeX/packages/pixman/0.34.0/lib -L/project/ukmo/rhel7/LaTeX/packages/openjpeg/2.3.0/lib -L/project/ukmo/rhel7/LaTeX/packages/lcms/2.9/lib -v CMakeFiles/cmTC_cc22c.dir/CMakeCXXCompilerABI.cpp.o -o cmTC_cc22c ]
  ignore line: [Using built-in specs.]
  ignore line: [COLLECT_GCC=/data/users/frwd/installs/gcc/9.2.0/v1/bin/g++]
  ignore line: [COLLECT_LTO_WRAPPER=/net/data/users/frwd/installs/gcc/9.2.0/v1/bin/../libexec/gcc/x86_64-pc-linux-gnu/9.2.0/lto-wrapper]
  ignore line: [Target: x86_64-pc-linux-gnu]
  ignore line: [Configured with: /home/h01/frwd/cylc-run/LfricBundle237/work/1/build_gcc__lfric_gnu_rhel7/gcc/configure --prefix=/data/users/frwd/installs/gcc/9.2.0/v1 --disable-multilib]
  ignore line: [Thread model: posix]
  ignore line: [gcc version 9.2.0 (GCC) ]
  ignore line: [COMPILER_PATH=/net/data/users/frwd/installs/gcc/9.2.0/v1/bin/../libexec/gcc/x86_64-pc-linux-gnu/9.2.0/:/net/data/users/frwd/installs/gcc/9.2.0/v1/bin/../libexec/gcc/]
  ignore line: [LIBRARY_PATH=/net/data/users/frwd/installs/gcc/9.2.0/v1/bin/../lib/gcc/x86_64-pc-linux-gnu/9.2.0/:/net/data/users/frwd/installs/gcc/9.2.0/v1/bin/../lib/gcc/:/net/data/users/frwd/installs/gcc/9.2.0/v1/bin/../lib/gcc/x86_64-pc-linux-gnu/9.2.0/../../../../lib64/:/lib/../lib64/:/usr/lib/../lib64/:/project/ukmo/rhel7/fortran/opt/intel/composer_xe_2017.7.259/compilers_and_libraries_2017.7.259/linux/mkl/lib/intel64/:/net/data/users/frwd/installs/gcc/9.2.0/v1/bin/../lib/gcc/x86_64-pc-linux-gnu/9.2.0/../../../:/lib/:/usr/lib/]
  ignore line: [COLLECT_GCC_OPTIONS='-L/project/ukmo/rhel7/LaTeX/packages/poppler/0.61.1/lib64' '-L/project/ukmo/rhel7/LaTeX/packages/tiff/4.0.9/lib64' '-L/project/ukmo/rhel7/LaTeX/packages/pixman/0.34.0/lib' '-L/project/ukmo/rhel7/LaTeX/packages/openjpeg/2.3.0/lib' '-L/project/ukmo/rhel7/LaTeX/packages/lcms/2.9/lib' '-v' '-o' 'cmTC_cc22c' '-shared-libgcc' '-mtune=generic' '-march=x86-64']
  link line: [ /net/data/users/frwd/installs/gcc/9.2.0/v1/bin/../libexec/gcc/x86_64-pc-linux-gnu/9.2.0/collect2 -plugin /net/data/users/frwd/installs/gcc/9.2.0/v1/bin/../libexec/gcc/x86_64-pc-linux-gnu/9.2.0/liblto_plugin.so -plugin-opt=/net/data/users/frwd/installs/gcc/9.2.0/v1/bin/../libexec/gcc/x86_64-pc-linux-gnu/9.2.0/lto-wrapper -plugin-opt=-fresolution=/var/tmp/ccfc42XH.res -plugin-opt=-pass-through=-lgcc_s -plugin-opt=-pass-through=-lgcc -plugin-opt=-pass-through=-lc -plugin-opt=-pass-through=-lgcc_s -plugin-opt=-pass-through=-lgcc --eh-frame-hdr -m elf_x86_64 -dynamic-linker /lib64/ld-linux-x86-64.so.2 -o cmTC_cc22c /lib/../lib64/crt1.o /lib/../lib64/crti.o /net/data/users/frwd/installs/gcc/9.2.0/v1/bin/../lib/gcc/x86_64-pc-linux-gnu/9.2.0/crtbegin.o -L/project/ukmo/rhel7/LaTeX/packages/poppler/0.61.1/lib64 -L/project/ukmo/rhel7/LaTeX/packages/tiff/4.0.9/lib64 -L/project/ukmo/rhel7/LaTeX/packages/pixman/0.34.0/lib -L/project/ukmo/rhel7/LaTeX/packages/openjpeg/2.3.0/lib -L/project/ukmo/rhel7/LaTeX/packages/lcms/2.9/lib -L/net/data/users/frwd/installs/gcc/9.2.0/v1/bin/../lib/gcc/x86_64-pc-linux-gnu/9.2.0 -L/net/data/users/frwd/installs/gcc/9.2.0/v1/bin/../lib/gcc -L/net/data/users/frwd/installs/gcc/9.2.0/v1/bin/../lib/gcc/x86_64-pc-linux-gnu/9.2.0/../../../../lib64 -L/lib/../lib64 -L/usr/lib/../lib64 -L/project/ukmo/rhel7/fortran/opt/intel/composer_xe_2017.7.259/compilers_and_libraries_2017.7.259/linux/mkl/lib/intel64 -L/net/data/users/frwd/installs/gcc/9.2.0/v1/bin/../lib/gcc/x86_64-pc-linux-gnu/9.2.0/../../.. CMakeFiles/cmTC_cc22c.dir/CMakeCXXCompilerABI.cpp.o -lstdc++ -lm -lgcc_s -lgcc -lc -lgcc_s -lgcc /net/data/users/frwd/installs/gcc/9.2.0/v1/bin/../lib/gcc/x86_64-pc-linux-gnu/9.2.0/crtend.o /lib/../lib64/crtn.o]
    arg [/net/data/users/frwd/installs/gcc/9.2.0/v1/bin/../libexec/gcc/x86_64-pc-linux-gnu/9.2.0/collect2] ==> ignore
    arg [-plugin] ==> ignore
    arg [/net/data/users/frwd/installs/gcc/9.2.0/v1/bin/../libexec/gcc/x86_64-pc-linux-gnu/9.2.0/liblto_plugin.so] ==> ignore
    arg [-plugin-opt=/net/data/users/frwd/installs/gcc/9.2.0/v1/bin/../libexec/gcc/x86_64-pc-linux-gnu/9.2.0/lto-wrapper] ==> ignore
    arg [-plugin-opt=-fresolution=/var/tmp/ccfc42XH.res] ==> ignore
    arg [-plugin-opt=-pass-through=-lgcc_s] ==> ignore
    arg [-plugin-opt=-pass-through=-lgcc] ==> ignore
    arg [-plugin-opt=-pass-through=-lc] ==> ignore
    arg [-plugin-opt=-pass-through=-lgcc_s] ==> ignore
    arg [-plugin-opt=-pass-through=-lgcc] ==> ignore
    arg [--eh-frame-hdr] ==> ignore
    arg [-m] ==> ignore
    arg [elf_x86_64] ==> ignore
    arg [-dynamic-linker] ==> ignore
    arg [/lib64/ld-linux-x86-64.so.2] ==> ignore
    arg [-o] ==> ignore
    arg [cmTC_cc22c] ==> ignore
    arg [/lib/../lib64/crt1.o] ==> obj [/lib/../lib64/crt1.o]
    arg [/lib/../lib64/crti.o] ==> obj [/lib/../lib64/crti.o]
    arg [/net/data/users/frwd/installs/gcc/9.2.0/v1/bin/../lib/gcc/x86_64-pc-linux-gnu/9.2.0/crtbegin.o] ==> obj [/net/data/users/frwd/installs/gcc/9.2.0/v1/bin/../lib/gcc/x86_64-pc-linux-gnu/9.2.0/crtbegin.o]
    arg [-L/project/ukmo/rhel7/LaTeX/packages/poppler/0.61.1/lib64] ==> dir [/project/ukmo/rhel7/LaTeX/packages/poppler/0.61.1/lib64]
    arg [-L/project/ukmo/rhel7/LaTeX/packages/tiff/4.0.9/lib64] ==> dir [/project/ukmo/rhel7/LaTeX/packages/tiff/4.0.9/lib64]
    arg [-L/project/ukmo/rhel7/LaTeX/packages/pixman/0.34.0/lib] ==> dir [/project/ukmo/rhel7/LaTeX/packages/pixman/0.34.0/lib]
    arg [-L/project/ukmo/rhel7/LaTeX/packages/openjpeg/2.3.0/lib] ==> dir [/project/ukmo/rhel7/LaTeX/packages/openjpeg/2.3.0/lib]
    arg [-L/project/ukmo/rhel7/LaTeX/packages/lcms/2.9/lib] ==> dir [/project/ukmo/rhel7/LaTeX/packages/lcms/2.9/lib]
    arg [-L/net/data/users/frwd/installs/gcc/9.2.0/v1/bin/../lib/gcc/x86_64-pc-linux-gnu/9.2.0] ==> dir [/net/data/users/frwd/installs/gcc/9.2.0/v1/bin/../lib/gcc/x86_64-pc-linux-gnu/9.2.0]
    arg [-L/net/data/users/frwd/installs/gcc/9.2.0/v1/bin/../lib/gcc] ==> dir [/net/data/users/frwd/installs/gcc/9.2.0/v1/bin/../lib/gcc]
    arg [-L/net/data/users/frwd/installs/gcc/9.2.0/v1/bin/../lib/gcc/x86_64-pc-linux-gnu/9.2.0/../../../../lib64] ==> dir [/net/data/users/frwd/installs/gcc/9.2.0/v1/bin/../lib/gcc/x86_64-pc-linux-gnu/9.2.0/../../../../lib64]
    arg [-L/lib/../lib64] ==> dir [/lib/../lib64]
    arg [-L/usr/lib/../lib64] ==> dir [/usr/lib/../lib64]
    arg [-L/project/ukmo/rhel7/fortran/opt/intel/composer_xe_2017.7.259/compilers_and_libraries_2017.7.259/linux/mkl/lib/intel64] ==> dir [/project/ukmo/rhel7/fortran/opt/intel/composer_xe_2017.7.259/compilers_and_libraries_2017.7.259/linux/mkl/lib/intel64]
    arg [-L/net/data/users/frwd/installs/gcc/9.2.0/v1/bin/../lib/gcc/x86_64-pc-linux-gnu/9.2.0/../../..] ==> dir [/net/data/users/frwd/installs/gcc/9.2.0/v1/bin/../lib/gcc/x86_64-pc-linux-gnu/9.2.0/../../..]
    arg [CMakeFiles/cmTC_cc22c.dir/CMakeCXXCompilerABI.cpp.o] ==> ignore
    arg [-lstdc++] ==> lib [stdc++]
    arg [-lm] ==> lib [m]
    arg [-lgcc_s] ==> lib [gcc_s]
    arg [-lgcc] ==> lib [gcc]
    arg [-lc] ==> lib [c]
    arg [-lgcc_s] ==> lib [gcc_s]
    arg [-lgcc] ==> lib [gcc]
    arg [/net/data/users/frwd/installs/gcc/9.2.0/v1/bin/../lib/gcc/x86_64-pc-linux-gnu/9.2.0/crtend.o] ==> obj [/net/data/users/frwd/installs/gcc/9.2.0/v1/bin/../lib/gcc/x86_64-pc-linux-gnu/9.2.0/crtend.o]
    arg [/lib/../lib64/crtn.o] ==> obj [/lib/../lib64/crtn.o]
  collapse obj [/lib/../lib64/crt1.o] ==> [/lib64/crt1.o]
  collapse obj [/lib/../lib64/crti.o] ==> [/lib64/crti.o]
  collapse obj [/net/data/users/frwd/installs/gcc/9.2.0/v1/bin/../lib/gcc/x86_64-pc-linux-gnu/9.2.0/crtbegin.o] ==> [/data/users/frwd/installs/gcc/9.2.0/v1/lib/gcc/x86_64-pc-linux-gnu/9.2.0/crtbegin.o]
  collapse obj [/net/data/users/frwd/installs/gcc/9.2.0/v1/bin/../lib/gcc/x86_64-pc-linux-gnu/9.2.0/crtend.o] ==> [/data/users/frwd/installs/gcc/9.2.0/v1/lib/gcc/x86_64-pc-linux-gnu/9.2.0/crtend.o]
  collapse obj [/lib/../lib64/crtn.o] ==> [/lib64/crtn.o]
  collapse library dir [/project/ukmo/rhel7/LaTeX/packages/poppler/0.61.1/lib64] ==> [/project/ukmo/rhel7/LaTeX/packages/poppler/0.61.1/lib64]
  collapse library dir [/project/ukmo/rhel7/LaTeX/packages/tiff/4.0.9/lib64] ==> [/project/ukmo/rhel7/LaTeX/packages/tiff/4.0.9/lib64]
  collapse library dir [/project/ukmo/rhel7/LaTeX/packages/pixman/0.34.0/lib] ==> [/project/ukmo/rhel7/LaTeX/packages/pixman/0.34.0/lib]
  collapse library dir [/project/ukmo/rhel7/LaTeX/packages/openjpeg/2.3.0/lib] ==> [/project/ukmo/rhel7/LaTeX/packages/openjpeg/2.3.0/lib]
  collapse library dir [/project/ukmo/rhel7/LaTeX/packages/lcms/2.9/lib] ==> [/project/ukmo/rhel7/LaTeX/packages/lcms/2.9/lib]
  collapse library dir [/net/data/users/frwd/installs/gcc/9.2.0/v1/bin/../lib/gcc/x86_64-pc-linux-gnu/9.2.0] ==> [/data/users/frwd/installs/gcc/9.2.0/v1/lib/gcc/x86_64-pc-linux-gnu/9.2.0]
  collapse library dir [/net/data/users/frwd/installs/gcc/9.2.0/v1/bin/../lib/gcc] ==> [/data/users/frwd/installs/gcc/9.2.0/v1/lib/gcc]
  collapse library dir [/net/data/users/frwd/installs/gcc/9.2.0/v1/bin/../lib/gcc/x86_64-pc-linux-gnu/9.2.0/../../../../lib64] ==> [/data/users/frwd/installs/gcc/9.2.0/v1/lib64]
  collapse library dir [/lib/../lib64] ==> [/lib64]
  collapse library dir [/usr/lib/../lib64] ==> [/usr/lib64]
  collapse library dir [/project/ukmo/rhel7/fortran/opt/intel/composer_xe_2017.7.259/compilers_and_libraries_2017.7.259/linux/mkl/lib/intel64] ==> [/project/ukmo/rhel7/fortran/opt/intel/composer_xe_2017.7.259/compilers_and_libraries_2017.7.259/linux/mkl/lib/intel64]
  collapse library dir [/net/data/users/frwd/installs/gcc/9.2.0/v1/bin/../lib/gcc/x86_64-pc-linux-gnu/9.2.0/../../..] ==> [/data/users/frwd/installs/gcc/9.2.0/v1/lib]
  implicit libs: [stdc++;m;gcc_s;gcc;c;gcc_s;gcc]
  implicit objs: [/lib64/crt1.o;/lib64/crti.o;/data/users/frwd/installs/gcc/9.2.0/v1/lib/gcc/x86_64-pc-linux-gnu/9.2.0/crtbegin.o;/data/users/frwd/installs/gcc/9.2.0/v1/lib/gcc/x86_64-pc-linux-gnu/9.2.0/crtend.o;/lib64/crtn.o]
  implicit dirs: [/project/ukmo/rhel7/LaTeX/packages/poppler/0.61.1/lib64;/project/ukmo/rhel7/LaTeX/packages/tiff/4.0.9/lib64;/project/ukmo/rhel7/LaTeX/packages/pixman/0.34.0/lib;/project/ukmo/rhel7/LaTeX/packages/openjpeg/2.3.0/lib;/project/ukmo/rhel7/LaTeX/packages/lcms/2.9/lib;/data/users/frwd/installs/gcc/9.2.0/v1/lib/gcc/x86_64-pc-linux-gnu/9.2.0;/data/users/frwd/installs/gcc/9.2.0/v1/lib/gcc;/data/users/frwd/installs/gcc/9.2.0/v1/lib64;/lib64;/usr/lib64;/project/ukmo/rhel7/fortran/opt/intel/composer_xe_2017.7.259/compilers_and_libraries_2017.7.259/linux/mkl/lib/intel64;/data/users/frwd/installs/gcc/9.2.0/v1/lib]
  implicit fwks: []


